#
# There is insufficient memory for the Java Runtime Environment to continue.
# Native memory allocation (malloc) failed to allocate 32744 bytes for ChunkPool::allocate
# Possible reasons:
#   The system is out of physical RAM or swap space
#   The process is running with CompressedOops enabled, and the Java Heap may be blocking the growth of the native heap
# Possible solutions:
#   Reduce memory load on the system
#   Increase physical memory or swap space
#   Check if swap backing store is full
#   Decrease Java heap size (-Xmx/-Xms)
#   Decrease number of Java threads
#   Decrease Java thread stack sizes (-Xss)
#   Set larger code cache with -XX:ReservedCodeCacheSize=
#   JVM is running with Unscaled Compressed Oops mode in which the Java heap is
#     placed in the first 4GB address space. The Java Heap base address is the
#     maximum limit for the native heap growth. Please use -XX:HeapBaseMinAddress
#     to set the Java Heap base and to place the Java Heap above 4GB virtual address.
# This output file may be truncated or incomplete.
#
#  Out of Memory Error (allocation.cpp:272), pid=17032, tid=0x0000000000003774
#
# JRE version: OpenJDK Runtime Environment (8.0_202-b03) (build 1.8.0_202-release-1483-b03)
# Java VM: OpenJDK 64-Bit Server VM (25.202-b03 mixed mode windows-amd64 compressed oops)
# Failed to write core dump. Minidumps are not enabled by default on client versions of Windows
#

---------------  T H R E A D  ---------------

Current thread (0x000000001608f000):  JavaThread "C2 CompilerThread0" daemon [_thread_in_native, id=14196, stack(0x00000000176f0000,0x00000000177f0000)]

Stack: [0x00000000176f0000,0x00000000177f0000]
[error occurred during error reporting (printing stack bounds), id 0xc0000005]

Native frames: (J=compiled Java code, j=interpreted, Vv=VM code, C=native code)


Current CompileTask:
C2:  42203 9559       4       org.gradle.internal.logging.sink.OutputEventTransformer::onOutput (399 bytes)


---------------  P R O C E S S  ---------------

Java Threads: ( => current thread )
  0x0000000018de2000 JavaThread "Exec process Thread 3" [_thread_in_native, id=14548, stack(0x0000000025070000,0x0000000025170000)]
  0x0000000018de3800 JavaThread "Exec process Thread 2" [_thread_in_Java, id=24432, stack(0x0000000024f70000,0x0000000025070000)]
  0x0000000018de1800 JavaThread "Exec process" [_thread_in_native, id=17768, stack(0x0000000024e70000,0x0000000024f70000)]
  0x0000000018de0000 JavaThread "Cache worker for execution history cache (C:\Users\haryp\Downloads\Compressed\Ekinerja2020_flutter-master\android\.gradle\5.6.2\executionHistory)" [_thread_blocked, id=20744, stack(0x0000000024d70000,0x0000000024e70000)]
  0x0000000018de0800 JavaThread "Execution worker for ':' Thread 3" [_thread_blocked, id=21296, stack(0x0000000024a70000,0x0000000024b70000)]
  0x000000001cc91000 JavaThread "Execution worker for ':' Thread 2" [_thread_blocked, id=2308, stack(0x0000000024970000,0x0000000024a70000)]
  0x000000001cc8d000 JavaThread "Execution worker for ':'" [_thread_blocked, id=22456, stack(0x0000000024870000,0x0000000024970000)]
  0x000000001cc8f800 JavaThread "Cache worker for file content cache (C:\Users\haryp\Downloads\Compressed\Ekinerja2020_flutter-master\android\.gradle\5.6.2\fileContent)" [_thread_blocked, id=12448, stack(0x00000000227b0000,0x00000000228b0000)]
  0x000000001cc8f000 JavaThread "Cache worker for file content cache (C:\Users\haryp\.gradle\caches\5.6.2\fileContent)" [_thread_blocked, id=12276, stack(0x0000000000a40000,0x0000000000b40000)]
  0x000000001cc86800 JavaThread "Memory manager" [_thread_blocked, id=11892, stack(0x0000000023190000,0x0000000023290000)]
  0x000000001cc8b000 JavaThread "Cache worker for Build Output Cleanup Cache (C:\Users\haryp\Downloads\Compressed\Ekinerja2020_flutter-master\android\.gradle\buildOutputCleanup)" [_thread_blocked, id=4988, stack(0x0000000021eb0000,0x0000000021fb0000)]
  0x000000001cc87000 JavaThread "pool-1-thread-1" [_thread_blocked, id=14348, stack(0x0000000021bb0000,0x0000000021cb0000)]
  0x000000001cc84000 JavaThread "Build operations Thread 4" [_thread_blocked, id=27024, stack(0x00000000216b0000,0x00000000217b0000)]
  0x000000001cc8a000 JavaThread "Build operations Thread 3" [_thread_blocked, id=13172, stack(0x00000000215b0000,0x00000000216b0000)]
  0x000000001cc89800 JavaThread "Build operations Thread 2" [_thread_blocked, id=22424, stack(0x00000000214b0000,0x00000000215b0000)]
  0x000000001cc83800 JavaThread "Build operations" [_thread_blocked, id=8640, stack(0x00000000213b0000,0x00000000214b0000)]
  0x000000001cc88800 JavaThread "Cache worker for execution history cache (C:\Users\haryp\.gradle\caches\5.6.2\executionHistory)" [_thread_blocked, id=11076, stack(0x0000000020eb0000,0x0000000020fb0000)]
  0x000000001cc85000 JavaThread "Cache worker for cache directory md-rule (C:\Users\haryp\.gradle\caches\5.6.2\md-rule)" [_thread_blocked, id=11984, stack(0x0000000020db0000,0x0000000020eb0000)]
  0x00000000191cb000 JavaThread "Cache worker for cache directory md-supplier (C:\Users\haryp\.gradle\caches\5.6.2\md-supplier)" [_thread_blocked, id=2176, stack(0x0000000020cb0000,0x0000000020db0000)]
  0x00000000191c6800 JavaThread "Cache worker for file hash cache (C:\Users\haryp\Downloads\Compressed\Ekinerja2020_flutter-master\android\.gradle\5.6.2\fileHashes)" [_thread_blocked, id=3260, stack(0x000000001e1b0000,0x000000001e2b0000)]
  0x00000000191c5000 JavaThread "Cache worker for journal cache (C:\Users\haryp\.gradle\caches\journal-1)" [_thread_blocked, id=4552, stack(0x000000001bc10000,0x000000001bd10000)]
  0x00000000191c9000 JavaThread "File lock request listener" [_thread_in_native, id=26116, stack(0x000000001bb10000,0x000000001bc10000)]
  0x00000000191c4000 JavaThread "Cache worker for file hash cache (C:\Users\haryp\.gradle\caches\5.6.2\fileHashes)" [_thread_blocked, id=8388, stack(0x000000001ba10000,0x000000001bb10000)]
  0x0000000018600800 JavaThread "Thread-9" [_thread_blocked, id=19116, stack(0x000000001b910000,0x000000001ba10000)]
  0x00000000185fb000 JavaThread "Stdin handler" [_thread_blocked, id=6432, stack(0x000000001b810000,0x000000001b910000)]
  0x00000000185f8800 JavaThread "Asynchronous log dispatcher for DefaultDaemonConnection: socket connection from /127.0.0.1:59178 to /127.0.0.1:59179" [_thread_in_native, id=9004, stack(0x000000001b710000,0x000000001b810000)]
  0x000000001923f800 JavaThread "Daemon worker" [_thread_blocked, id=16524, stack(0x000000001b410000,0x000000001b510000)]
  0x000000001923e000 JavaThread "Cancel handler" [_thread_blocked, id=14768, stack(0x000000001b310000,0x000000001b410000)]
  0x0000000018f0d800 JavaThread "Handler for socket connection from /127.0.0.1:59178 to /127.0.0.1:59179" [_thread_in_native, id=12792, stack(0x000000001b210000,0x000000001b310000)]
  0x0000000018f0c800 JavaThread "Daemon" [_thread_blocked, id=26828, stack(0x000000001b110000,0x000000001b210000)]
  0x0000000018410000 JavaThread "Daemon periodic checks" [_thread_blocked, id=18940, stack(0x000000001b010000,0x000000001b110000)]
  0x000000001840f000 JavaThread "Incoming local TCP Connector on port 59178" [_thread_in_native, id=12180, stack(0x000000001add0000,0x000000001aed0000)]
  0x0000000017fff000 JavaThread "Daemon health stats" [_thread_blocked, id=25988, stack(0x000000001a790000,0x000000001a890000)]
  0x0000000017a1d800 JavaThread "Service Thread" daemon [_thread_blocked, id=27532, stack(0x0000000017df0000,0x0000000017ef0000)]
  0x000000001609e800 JavaThread "C1 CompilerThread2" daemon [_thread_blocked, id=26788, stack(0x00000000178f0000,0x00000000179f0000)]
  0x000000001609a000 JavaThread "C2 CompilerThread1" daemon [_thread_blocked, id=11032, stack(0x00000000177f0000,0x00000000178f0000)]
=>0x000000001608f000 JavaThread "C2 CompilerThread0" daemon [_thread_in_native, id=14196, stack(0x00000000176f0000,0x00000000177f0000)]
  0x000000001608e000 JavaThread "Attach Listener" daemon [_thread_blocked, id=11244, stack(0x00000000175f0000,0x00000000176f0000)]
  0x000000001608b000 JavaThread "Signal Dispatcher" daemon [_thread_blocked, id=27484, stack(0x00000000174f0000,0x00000000175f0000)]
  0x00000000026fc000 JavaThread "Finalizer" daemon [_thread_blocked, id=2272, stack(0x00000000172f0000,0x00000000173f0000)]
  0x0000000016079000 JavaThread "Reference Handler" daemon [_thread_blocked, id=13644, stack(0x00000000171f0000,0x00000000172f0000)]
  0x0000000002603000 JavaThread "main" [_thread_blocked, id=27568, stack(0x0000000002500000,0x0000000002600000)]

Other Threads:
  0x0000000016057800 VMThread [stack: 0x00000000170f0000,0x00000000171f0000] [id=26740]
  0x0000000017a1e800 WatcherThread [stack: 0x0000000017ef0000,0x0000000017ff0000] [id=21936]

VM state:not at safepoint (normal execution)

VM Mutex/Monitor currently owned by a thread: None

heap address: 0x00000000a0000000, size: 1536 MB, Compressed Oops mode: 32-bit
Narrow klass base: 0x0000000000000000, Narrow klass shift: 3
Compressed class space size: 1073741824 Address: 0x0000000100000000

Heap:
 PSYoungGen      total 212480K, used 89301K [0x00000000e0000000, 0x00000000f1b80000, 0x0000000100000000)
  eden space 194048K, 36% used [0x00000000e0000000,0x00000000e453d7a0,0x00000000ebd80000)
  from space 18432K, 99% used [0x00000000ebd80000,0x00000000ecf78020,0x00000000ecf80000)
  to   space 24576K, 0% used [0x00000000f0380000,0x00000000f0380000,0x00000000f1b80000)
 ParOldGen       total 132096K, used 48439K [0x00000000a0000000, 0x00000000a8100000, 0x00000000e0000000)
  object space 132096K, 36% used [0x00000000a0000000,0x00000000a2f4df98,0x00000000a8100000)
 Metaspace       used 65064K, capacity 68472K, committed 68648K, reserved 1107968K
  class space    used 8927K, capacity 9770K, committed 9776K, reserved 1048576K

Card table byte_map: [0x0000000011ac0000,0x0000000011dd0000] byte_map_base: 0x00000000115c0000

Marking Bits: (ParMarkBitMap*) 0x0000000056fe9f30
 Begin Bits: [0x00000000123d0000, 0x0000000013bd0000)
 End Bits:   [0x0000000013bd0000, 0x00000000153d0000)

Polling page: 0x0000000000ca0000

CodeCache: size=245760Kb used=26510Kb max_used=26884Kb free=219250Kb
 bounds [0x0000000002700000, 0x0000000004180000, 0x0000000011700000]
 total_blobs=9405 nmethods=8601 adapters=716
 compilation: enabled

Compilation events (10 events):
Event: 42.186 Thread 0x000000001609e800 9564       1       org.gradle.internal.logging.sink.OutputEventRenderer::access$700 (5 bytes)
Event: 42.187 Thread 0x000000001609e800 nmethod 9564 0x0000000003657fd0 code [0x0000000003658120, 0x0000000003658210]
Event: 42.193 Thread 0x000000001609e800 9565       1       org.gradle.internal.logging.events.StyledTextOutputEvent::getSpans (5 bytes)
Event: 42.193 Thread 0x000000001609e800 nmethod 9565 0x0000000003c79b50 code [0x0000000003c79ca0, 0x0000000003c79db0]
Event: 42.193 Thread 0x000000001609e800 9567       3       org.gradle.internal.serialize.BaseSerializerFactory$EnumSerializer::write (10 bytes)
Event: 42.193 Thread 0x000000001609e800 nmethod 9567 0x000000000315b810 code [0x000000000315b9a0, 0x000000000315bdc8]
Event: 42.194 Thread 0x000000001609e800 9566       1       org.gradle.internal.logging.events.StyledTextOutputEvent$Span::getStyle (5 bytes)
Event: 42.194 Thread 0x000000001609e800 nmethod 9566 0x0000000003c8f3d0 code [0x0000000003c8f520, 0x0000000003c8f630]
Event: 42.194 Thread 0x000000001609e800 9568       1       org.gradle.internal.logging.events.StyledTextOutputEvent$Span::getText (5 bytes)
Event: 42.194 Thread 0x000000001609e800 nmethod 9568 0x00000000030917d0 code [0x0000000003091920, 0x0000000003091a30]

GC Heap History (10 events):
Event: 20.464 GC heap before
{Heap before GC invocations=12 (full 2):
 PSYoungGen      total 121856K, used 110080K [0x00000000e0000000, 0x00000000eb480000, 0x0000000100000000)
  eden space 110080K, 100% used [0x00000000e0000000,0x00000000e6b80000,0x00000000e6b80000)
  from space 11776K, 0% used [0x00000000e6b80000,0x00000000e6b80000,0x00000000e7700000)
  to   space 13312K, 0% used [0x00000000ea780000,0x00000000ea780000,0x00000000eb480000)
 ParOldGen       total 84480K, used 18386K [0x00000000a0000000, 0x00000000a5280000, 0x00000000e0000000)
  object space 84480K, 21% used [0x00000000a0000000,0x00000000a11f4920,0x00000000a5280000)
 Metaspace       used 45129K, capacity 46144K, committed 46376K, reserved 1089536K
  class space    used 6035K, capacity 6331K, committed 6448K, reserved 1048576K
Event: 20.501 GC heap after
Heap after GC invocations=12 (full 2):
 PSYoungGen      total 159232K, used 13284K [0x00000000e0000000, 0x00000000eb480000, 0x0000000100000000)
  eden space 145920K, 0% used [0x00000000e0000000,0x00000000e0000000,0x00000000e8e80000)
  from space 13312K, 99% used [0x00000000ea780000,0x00000000eb479138,0x00000000eb480000)
  to   space 14848K, 0% used [0x00000000e9780000,0x00000000e9780000,0x00000000ea600000)
 ParOldGen       total 84480K, used 18896K [0x00000000a0000000, 0x00000000a5280000, 0x00000000e0000000)
  object space 84480K, 22% used [0x00000000a0000000,0x00000000a1274210,0x00000000a5280000)
 Metaspace       used 45129K, capacity 46144K, committed 46376K, reserved 1089536K
  class space    used 6035K, capacity 6331K, committed 6448K, reserved 1048576K
}
Event: 24.406 GC heap before
{Heap before GC invocations=13 (full 2):
 PSYoungGen      total 159232K, used 159204K [0x00000000e0000000, 0x00000000eb480000, 0x0000000100000000)
  eden space 145920K, 100% used [0x00000000e0000000,0x00000000e8e80000,0x00000000e8e80000)
  from space 13312K, 99% used [0x00000000ea780000,0x00000000eb479138,0x00000000eb480000)
  to   space 14848K, 0% used [0x00000000e9780000,0x00000000e9780000,0x00000000ea600000)
 ParOldGen       total 84480K, used 18896K [0x00000000a0000000, 0x00000000a5280000, 0x00000000e0000000)
  object space 84480K, 22% used [0x00000000a0000000,0x00000000a1274210,0x00000000a5280000)
 Metaspace       used 53482K, capacity 55190K, committed 55336K, reserved 1097728K
  class space    used 7269K, capacity 7702K, committed 7728K, reserved 1048576K
Event: 24.477 GC heap after
Heap after GC invocations=13 (full 2):
 PSYoungGen      total 169984K, used 14846K [0x00000000e0000000, 0x00000000ee200000, 0x0000000100000000)
  eden space 155136K, 0% used [0x00000000e0000000,0x00000000e0000000,0x00000000e9780000)
  from space 14848K, 99% used [0x00000000e9780000,0x00000000ea5ffa68,0x00000000ea600000)
  to   space 18944K, 0% used [0x00000000ecf80000,0x00000000ecf80000,0x00000000ee200000)
 ParOldGen       total 84480K, used 25187K [0x00000000a0000000, 0x00000000a5280000, 0x00000000e0000000)
  object space 84480K, 29% used [0x00000000a0000000,0x00000000a1898d70,0x00000000a5280000)
 Metaspace       used 53482K, capacity 55190K, committed 55336K, reserved 1097728K
  class space    used 7269K, capacity 7702K, committed 7728K, reserved 1048576K
}
Event: 27.408 GC heap before
{Heap before GC invocations=14 (full 2):
 PSYoungGen      total 169984K, used 118256K [0x00000000e0000000, 0x00000000ee200000, 0x0000000100000000)
  eden space 155136K, 66% used [0x00000000e0000000,0x00000000e64fc898,0x00000000e9780000)
  from space 14848K, 99% used [0x00000000e9780000,0x00000000ea5ffa68,0x00000000ea600000)
  to   space 18944K, 0% used [0x00000000ecf80000,0x00000000ecf80000,0x00000000ee200000)
 ParOldGen       total 84480K, used 25187K [0x00000000a0000000, 0x00000000a5280000, 0x00000000e0000000)
  object space 84480K, 29% used [0x00000000a0000000,0x00000000a1898d70,0x00000000a5280000)
 Metaspace       used 57049K, capacity 59028K, committed 59160K, reserved 1099776K
  class space    used 7738K, capacity 8296K, committed 8368K, reserved 1048576K
Event: 27.484 GC heap after
Heap after GC invocations=14 (full 2):
 PSYoungGen      total 212992K, used 10201K [0x00000000e0000000, 0x00000000ef000000, 0x0000000100000000)
  eden space 194048K, 0% used [0x00000000e0000000,0x00000000e0000000,0x00000000ebd80000)
  from space 18944K, 53% used [0x00000000ecf80000,0x00000000ed976490,0x00000000ee200000)
  to   space 18432K, 0% used [0x00000000ebd80000,0x00000000ebd80000,0x00000000ecf80000)
 ParOldGen       total 84480K, used 33400K [0x00000000a0000000, 0x00000000a5280000, 0x00000000e0000000)
  object space 84480K, 39% used [0x00000000a0000000,0x00000000a209e0e8,0x00000000a5280000)
 Metaspace       used 57049K, capacity 59028K, committed 59160K, reserved 1099776K
  class space    used 7738K, capacity 8296K, committed 8368K, reserved 1048576K
}
Event: 27.484 GC heap before
{Heap before GC invocations=15 (full 3):
 PSYoungGen      total 212992K, used 10201K [0x00000000e0000000, 0x00000000ef000000, 0x0000000100000000)
  eden space 194048K, 0% used [0x00000000e0000000,0x00000000e0000000,0x00000000ebd80000)
  from space 18944K, 53% used [0x00000000ecf80000,0x00000000ed976490,0x00000000ee200000)
  to   space 18432K, 0% used [0x00000000ebd80000,0x00000000ebd80000,0x00000000ecf80000)
 ParOldGen       total 84480K, used 33400K [0x00000000a0000000, 0x00000000a5280000, 0x00000000e0000000)
  object space 84480K, 39% used [0x00000000a0000000,0x00000000a209e0e8,0x00000000a5280000)
 Metaspace       used 57049K, capacity 59028K, committed 59160K, reserved 1099776K
  class space    used 7738K, capacity 8296K, committed 8368K, reserved 1048576K
Event: 28.137 GC heap after
Heap after GC invocations=15 (full 3):
 PSYoungGen      total 212992K, used 0K [0x00000000e0000000, 0x00000000ef000000, 0x0000000100000000)
  eden space 194048K, 0% used [0x00000000e0000000,0x00000000e0000000,0x00000000ebd80000)
  from space 18944K, 0% used [0x00000000ecf80000,0x00000000ecf80000,0x00000000ee200000)
  to   space 18432K, 0% used [0x00000000ebd80000,0x00000000ebd80000,0x00000000ecf80000)
 ParOldGen       total 132096K, used 39055K [0x00000000a0000000, 0x00000000a8100000, 0x00000000e0000000)
  object space 132096K, 29% used [0x00000000a0000000,0x00000000a2623f58,0x00000000a8100000)
 Metaspace       used 57049K, capacity 59028K, committed 59160K, reserved 1099776K
  class space    used 7738K, capacity 8296K, committed 8368K, reserved 1048576K
}
Event: 35.289 GC heap before
{Heap before GC invocations=16 (full 3):
 PSYoungGen      total 212992K, used 194048K [0x00000000e0000000, 0x00000000ef000000, 0x0000000100000000)
  eden space 194048K, 100% used [0x00000000e0000000,0x00000000ebd80000,0x00000000ebd80000)
  from space 18944K, 0% used [0x00000000ecf80000,0x00000000ecf80000,0x00000000ee200000)
  to   space 18432K, 0% used [0x00000000ebd80000,0x00000000ebd80000,0x00000000ecf80000)
 ParOldGen       total 132096K, used 39055K [0x00000000a0000000, 0x00000000a8100000, 0x00000000e0000000)
  object space 132096K, 29% used [0x00000000a0000000,0x00000000a2623f58,0x00000000a8100000)
 Metaspace       used 63445K, capacity 66420K, committed 66600K, reserved 1105920K
  class space    used 8657K, capacity 9418K, committed 9520K, reserved 1048576K
Event: 35.439 GC heap after
Heap after GC invocations=16 (full 3):
 PSYoungGen      total 212480K, used 18400K [0x00000000e0000000, 0x00000000f1b80000, 0x0000000100000000)
  eden space 194048K, 0% used [0x00000000e0000000,0x00000000e0000000,0x00000000ebd80000)
  from space 18432K, 99% used [0x00000000ebd80000,0x00000000ecf78020,0x00000000ecf80000)
  to   space 24576K, 0% used [0x00000000f0380000,0x00000000f0380000,0x00000000f1b80000)
 ParOldGen       total 132096K, used 48439K [0x00000000a0000000, 0x00000000a8100000, 0x00000000e0000000)
  object space 132096K, 36% used [0x00000000a0000000,0x00000000a2f4df98,0x00000000a8100000)
 Metaspace       used 63445K, capacity 66420K, committed 66600K, reserved 1105920K
  class space    used 8657K, capacity 9418K, committed 9520K, reserved 1048576K
}

Deoptimization events (10 events):
Event: 37.698 Thread 0x0000000018de0800 Uncommon trap: reason=bimorphic action=maybe_recompile pc=0x0000000003efa768 method=org.gradle.internal.ImmutableActionSet.add(Lorg/gradle/api/Action;)Lorg/gradle/internal/ImmutableActionSet; @ 74
Event: 42.000 Thread 0x0000000018de3800 Uncommon trap: reason=bimorphic action=maybe_recompile pc=0x0000000003e8571c method=org.gradle.internal.logging.sink.OutputEventRenderer.onOutput(Lorg/gradle/internal/logging/events/OutputEvent;)V @ 1
Event: 42.000 Thread 0x0000000018de3800 Uncommon trap: reason=class_check action=maybe_recompile pc=0x000000000412ac20 method=org.gradle.internal.logging.sink.OutputEventTransformer.onOutput(Lorg/gradle/internal/logging/events/OutputEvent;)V @ 225
Event: 42.003 Thread 0x0000000018de3800 Uncommon trap: reason=unstable_if action=reinterpret pc=0x00000000041485c8 method=org.gradle.internal.operations.logging.LoggingBuildOperationProgressBroadcaster.onOutput(Lorg/gradle/internal/logging/events/OutputEvent;)V @ 4
Event: 42.003 Thread 0x0000000018de3800 Uncommon trap: reason=bimorphic action=maybe_recompile pc=0x0000000003e8571c method=org.gradle.internal.logging.sink.OutputEventRenderer.onOutput(Lorg/gradle/internal/logging/events/OutputEvent;)V @ 1
Event: 42.003 Thread 0x0000000018de3800 Uncommon trap: reason=class_check action=maybe_recompile pc=0x000000000412ac20 method=org.gradle.internal.logging.sink.OutputEventTransformer.onOutput(Lorg/gradle/internal/logging/events/OutputEvent;)V @ 225
Event: 42.004 Thread 0x0000000018de3800 Uncommon trap: reason=bimorphic action=maybe_recompile pc=0x0000000003e8571c method=org.gradle.internal.logging.sink.OutputEventRenderer.onOutput(Lorg/gradle/internal/logging/events/OutputEvent;)V @ 1
Event: 42.004 Thread 0x0000000018de3800 Uncommon trap: reason=class_check action=maybe_recompile pc=0x000000000412ac20 method=org.gradle.internal.logging.sink.OutputEventTransformer.onOutput(Lorg/gradle/internal/logging/events/OutputEvent;)V @ 225
Event: 42.004 Thread 0x0000000018de3800 Uncommon trap: reason=bimorphic action=maybe_recompile pc=0x0000000003e8571c method=org.gradle.internal.logging.sink.OutputEventRenderer.onOutput(Lorg/gradle/internal/logging/events/OutputEvent;)V @ 1
Event: 42.004 Thread 0x0000000018de3800 Uncommon trap: reason=class_check action=maybe_recompile pc=0x000000000412ac20 method=org.gradle.internal.logging.sink.OutputEventTransformer.onOutput(Lorg/gradle/internal/logging/events/OutputEvent;)V @ 225

Classes redefined (0 events):
No events

Internal exceptions (10 events):
Event: 38.231 Thread 0x0000000018de0800 Exception <a 'java/lang/ClassNotFoundException': org/gradle/process/internal/DefaultExecAction_DecoratedBeanInfo> (0x00000000e40f05b0) thrown at [D:\src\AOSP-openjdk-cygwin\jdk8u\hotspot\src\share\vm\classfile\systemDictionary.cpp, line 210]
Event: 38.233 Thread 0x0000000018de0800 Exception <a 'java/lang/ClassNotFoundException': org/gradle/process/internal/DefaultExecActionBeanInfo> (0x00000000e4128368) thrown at [D:\src\AOSP-openjdk-cygwin\jdk8u\hotspot\src\share\vm\classfile\systemDictionary.cpp, line 210]
Event: 38.235 Thread 0x0000000018de0800 Exception <a 'java/lang/ClassNotFoundException': org/gradle/process/internal/DefaultExecHandleBuilderBeanInfo> (0x00000000e4164c48) thrown at [D:\src\AOSP-openjdk-cygwin\jdk8u\hotspot\src\share\vm\classfile\systemDictionary.cpp, line 210]
Event: 38.237 Thread 0x0000000018de0800 Exception <a 'java/lang/ClassNotFoundException': org/gradle/process/internal/AbstractExecHandleBuilderBeanInfo> (0x00000000e41a2788) thrown at [D:\src\AOSP-openjdk-cygwin\jdk8u\hotspot\src\share\vm\classfile\systemDictionary.cpp, line 210]
Event: 38.239 Thread 0x0000000018de0800 Exception <a 'java/lang/ClassNotFoundException': org/gradle/process/internal/DefaultProcessForkOptionsBeanInfo> (0x00000000e41e0330) thrown at [D:\src\AOSP-openjdk-cygwin\jdk8u\hotspot\src\share\vm\classfile\systemDictionary.cpp, line 210]
Event: 38.241 Thread 0x0000000018de0800 Exception <a 'java/lang/ClassNotFoundException': org/gradle/process/internal/DefaultProcessForkOptionsCustomizer> (0x00000000e421ee28) thrown at [D:\src\AOSP-openjdk-cygwin\jdk8u\hotspot\src\share\vm\classfile\systemDictionary.cpp, line 210]
Event: 38.243 Thread 0x0000000018de0800 Exception <a 'java/lang/ClassNotFoundException': org/gradle/process/internal/AbstractExecHandleBuilderCustomizer> (0x00000000e4270558) thrown at [D:\src\AOSP-openjdk-cygwin\jdk8u\hotspot\src\share\vm\classfile\systemDictionary.cpp, line 210]
Event: 38.245 Thread 0x0000000018de0800 Exception <a 'java/lang/ClassNotFoundException': org/gradle/process/internal/DefaultExecHandleBuilderCustomizer> (0x00000000e42c46b0) thrown at [D:\src\AOSP-openjdk-cygwin\jdk8u\hotspot\src\share\vm\classfile\systemDictionary.cpp, line 210]
Event: 38.249 Thread 0x0000000018de0800 Exception <a 'java/lang/ClassNotFoundException': org/gradle/process/internal/DefaultExecActionCustomizer> (0x00000000e433b668) thrown at [D:\src\AOSP-openjdk-cygwin\jdk8u\hotspot\src\share\vm\classfile\systemDictionary.cpp, line 210]
Event: 38.251 Thread 0x0000000018de0800 Exception <a 'java/lang/ClassNotFoundException': org/gradle/process/internal/DefaultExecAction_DecoratedCustomizer> (0x00000000e4385718) thrown at [D:\src\AOSP-openjdk-cygwin\jdk8u\hotspot\src\share\vm\classfile\systemDictionary.cpp, line 210]

Events (10 events):
Event: 42.004 Thread 0x0000000018de3800 DEOPT UNPACKING pc=0x000000000274557b sp=0x000000002506eb98 mode 2
Event: 42.004 Thread 0x0000000018de3800 Uncommon trap: trap_request=0xffffffde fr.pc=0x000000000412ac20
Event: 42.004 Thread 0x0000000018de3800 DEOPT PACKING pc=0x000000000412ac20 sp=0x000000002506eb10
Event: 42.004 Thread 0x0000000018de3800 DEOPT UNPACKING pc=0x000000000274557b sp=0x000000002506eb00 mode 2
Event: 42.004 Thread 0x0000000018de3800 Uncommon trap: trap_request=0xffffffc6 fr.pc=0x0000000003e8571c
Event: 42.004 Thread 0x0000000018de3800 DEOPT PACKING pc=0x0000000003e8571c sp=0x000000002506ec30
Event: 42.004 Thread 0x0000000018de3800 DEOPT UNPACKING pc=0x000000000274557b sp=0x000000002506eb98 mode 2
Event: 42.004 Thread 0x0000000018de3800 Uncommon trap: trap_request=0xffffffde fr.pc=0x000000000412ac20
Event: 42.004 Thread 0x0000000018de3800 DEOPT PACKING pc=0x000000000412ac20 sp=0x000000002506eb10
Event: 42.004 Thread 0x0000000018de3800 DEOPT UNPACKING pc=0x000000000274557b sp=0x000000002506eb00 mode 2


Dynamic libraries:
0x00007ff67ba20000 - 0x00007ff67ba51000 	C:\Program Files\Android\Android Studio\jre\bin\java.exe
0x00007ffa39b00000 - 0x00007ffa39cf0000 	C:\WINDOWS\SYSTEM32\ntdll.dll
0x00007ffa399d0000 - 0x00007ffa39a82000 	C:\WINDOWS\System32\KERNEL32.DLL
0x00007ffa378d0000 - 0x00007ffa37b74000 	C:\WINDOWS\System32\KERNELBASE.dll
0x00007ffa396b0000 - 0x00007ffa39753000 	C:\WINDOWS\System32\ADVAPI32.dll
0x00007ffa38190000 - 0x00007ffa3822e000 	C:\WINDOWS\System32\msvcrt.dll
0x00007ffa38720000 - 0x00007ffa387b7000 	C:\WINDOWS\System32\sechost.dll
0x00007ffa38aa0000 - 0x00007ffa38bc0000 	C:\WINDOWS\System32\RPCRT4.dll
0x00007ffa39830000 - 0x00007ffa399c4000 	C:\WINDOWS\System32\USER32.dll
0x00007ffa373b0000 - 0x00007ffa373d1000 	C:\WINDOWS\System32\win32u.dll
0x00007ffa37b80000 - 0x00007ffa37ba6000 	C:\WINDOWS\System32\GDI32.dll
0x00007ffa373e0000 - 0x00007ffa37575000 	C:\WINDOWS\System32\gdi32full.dll
0x00007ffa37310000 - 0x00007ffa373ae000 	C:\WINDOWS\System32\msvcp_win.dll
0x00007ffa375f0000 - 0x00007ffa376ea000 	C:\WINDOWS\System32\ucrtbase.dll
0x00007ffa212a0000 - 0x00007ffa21524000 	C:\WINDOWS\WinSxS\amd64_microsoft.windows.common-controls_6595b64144ccf1df_6.0.18362.900_none_e6beb9d913147d17\COMCTL32.dll
0x00007ffa37cf0000 - 0x00007ffa38025000 	C:\WINDOWS\System32\combase.dll
0x00007ffa36a60000 - 0x00007ffa36ae0000 	C:\WINDOWS\System32\bcryptPrimitives.dll
0x00007ffa39330000 - 0x00007ffa3935e000 	C:\WINDOWS\System32\IMM32.DLL
0x0000000054710000 - 0x00000000547e2000 	C:\Program Files\Android\Android Studio\jre\jre\bin\msvcr100.dll
0x0000000056820000 - 0x0000000057066000 	C:\Program Files\Android\Android Studio\jre\jre\bin\server\jvm.dll
0x00007ffa38910000 - 0x00007ffa38918000 	C:\WINDOWS\System32\PSAPI.DLL
0x00007ffa34180000 - 0x00007ffa341a4000 	C:\WINDOWS\SYSTEM32\WINMM.dll
0x00007ffa1d650000 - 0x00007ffa1d659000 	C:\WINDOWS\SYSTEM32\WSOCK32.dll
0x00007ffa2f2d0000 - 0x00007ffa2f2da000 	C:\WINDOWS\SYSTEM32\VERSION.dll
0x00007ffa34150000 - 0x00007ffa3417d000 	C:\WINDOWS\SYSTEM32\WINMMBASE.dll
0x00007ffa375a0000 - 0x00007ffa375ea000 	C:\WINDOWS\System32\cfgmgr32.dll
0x0000000002490000 - 0x00000000024ff000 	C:\WINDOWS\System32\ws2_32.DLL
0x00007ffa34310000 - 0x00007ffa3431f000 	C:\Program Files\Android\Android Studio\jre\jre\bin\verify.dll
0x00007ffa2f8c0000 - 0x00007ffa2f8e9000 	C:\Program Files\Android\Android Studio\jre\jre\bin\java.dll
0x00007ffa2fe00000 - 0x00007ffa2fe16000 	C:\Program Files\Android\Android Studio\jre\jre\bin\zip.dll
0x00007ffa38bc0000 - 0x00007ffa392a6000 	C:\WINDOWS\System32\SHELL32.dll
0x00007ffa389d0000 - 0x00007ffa38a79000 	C:\WINDOWS\System32\shcore.dll
0x00007ffa36ae0000 - 0x00007ffa37260000 	C:\WINDOWS\System32\windows.storage.dll
0x00007ffa36a10000 - 0x00007ffa36a33000 	C:\WINDOWS\System32\profapi.dll
0x00007ffa369c0000 - 0x00007ffa36a0a000 	C:\WINDOWS\System32\powrprof.dll
0x00007ffa36990000 - 0x00007ffa369a0000 	C:\WINDOWS\System32\UMPDC.dll
0x00007ffa386a0000 - 0x00007ffa386f2000 	C:\WINDOWS\System32\shlwapi.dll
0x00007ffa369a0000 - 0x00007ffa369b1000 	C:\WINDOWS\System32\kernel.appcore.dll
0x00007ffa37580000 - 0x00007ffa37597000 	C:\WINDOWS\System32\cryptsp.dll
0x00007ffa2f860000 - 0x00007ffa2f87a000 	C:\Program Files\Android\Android Studio\jre\jre\bin\net.dll
0x00007ffa361a0000 - 0x00007ffa36207000 	C:\WINDOWS\system32\mswsock.dll
0x00007ffa1f4e0000 - 0x00007ffa1f4f1000 	C:\Program Files\Android\Android Studio\jre\jre\bin\nio.dll
0x00007ffa1fd30000 - 0x00007ffa1fd56000 	C:\Users\haryp\.gradle\native\30\windows-amd64\native-platform.dll
0x00007ffa22f40000 - 0x00007ffa22f4d000 	C:\Program Files\Android\Android Studio\jre\jre\bin\management.dll
0x00007ffa35d10000 - 0x00007ffa35d43000 	C:\WINDOWS\system32\rsaenh.dll
0x00007ffa37840000 - 0x00007ffa37866000 	C:\WINDOWS\System32\bcrypt.dll
0x00007ffa36880000 - 0x00007ffa368a5000 	C:\WINDOWS\SYSTEM32\USERENV.dll
0x00007ffa367d0000 - 0x00007ffa367dc000 	C:\WINDOWS\SYSTEM32\CRYPTBASE.dll
0x00007ffa35eb0000 - 0x00007ffa35eea000 	C:\WINDOWS\SYSTEM32\IPHLPAPI.DLL
0x00007ffa38710000 - 0x00007ffa38718000 	C:\WINDOWS\System32\NSI.dll
0x00007ffa29a30000 - 0x00007ffa29a46000 	C:\WINDOWS\SYSTEM32\dhcpcsvc6.DLL
0x00007ffa29f60000 - 0x00007ffa29f7c000 	C:\WINDOWS\SYSTEM32\dhcpcsvc.DLL
0x00007ffa35ef0000 - 0x00007ffa35fbb000 	C:\WINDOWS\SYSTEM32\DNSAPI.dll

VM Arguments:
jvm_args: -Xmx1536M -Dfile.encoding=windows-1252 -Duser.country=US -Duser.language=en -Duser.variant 
java_command: org.gradle.launcher.daemon.bootstrap.GradleDaemon 5.6.2
java_class_path (initial): C:\Users\haryp\.gradle\wrapper\dists\gradle-5.6.2-all\9st6wgf78h16so49nn74lgtbb\gradle-5.6.2\lib\gradle-launcher-5.6.2.jar
Launcher Type: SUN_STANDARD

Environment Variables:
JAVA_HOME=C:\Program Files\Android\Android Studio\jre
CLASSPATH=C:\Users\haryp\Downloads\Compressed\Ekinerja2020_flutter-master\android\\gradle\wrapper\gradle-wrapper.jar
PATH=C:\Program Files (x86)\Common Files\Oracle\Java\javapath;C:\ProgramData\Oracle\Java\javapath;C:\WINDOWS\system32;C:\WINDOWS;C:\WINDOWS\System32\Wbem;C:\WINDOWS\System32\WindowsPowerShell\v1.0\;C:\WINDOWS\System32\OpenSSH\;C:\Program Files\TortoiseSVN\bin;C:\Program Files\Java\jre1.8.0_162\bin;C:\Program Files\Java\jdk1.8.0_162\bin;C:\Program Files\Git\cmd;C:\Program Files\TortoiseGit\bin;C:\Program Files\nodejs\;C:\Program Files\Intel\WiFi\bin\;C:\Program Files\Common Files\Intel\WirelessCommon\;C:\Program Files (x86)\Intel\Intel(R) Management Engine Components\DAL;C:\Program Files\Intel\Intel(R) Management Engine Components\DAL;C:\Program Files\Dart\dart-sdk\bin;C:\data\flutter\flutter\bin;C:\Users\haryp\AppData\Local\Microsoft\WindowsApps;C:\Users\haryp\AppData\Local\GitHubDesktop\bin;C:\Users\haryp\AppData\Roaming\npm;C:\Users\haryp\AppData\Local\Microsoft\WindowsApps;C:\data\flutter\flutter\bin;;C:\Users\haryp\AppData\Local\Programs\Microsoft VS Code\bin;C:\data\flutter\flutter\bin\mingit\cmd
USERNAME=Kominfo4_adm
OS=Windows_NT
PROCESSOR_IDENTIFIER=Intel64 Family 6 Model 142 Stepping 9, GenuineIntel



---------------  S Y S T E M  ---------------

OS: Windows 10.0 , 64 bit Build 18362 (10.0.18362.900)

CPU:total 4 (initial active 4) (2 cores per cpu, 2 threads per core) family 6 model 142 stepping 9, cmov, cx8, fxsr, mmx, sse, sse2, sse3, ssse3, sse4.1, sse4.2, popcnt, avx, avx2, aes, clmul, erms, 3dnowpref, lzcnt, ht, tsc, tscinvbit, bmi1, bmi2, adx

Memory: 4k page, physical 8272204k(272904k free), swap 33438028k(1912k free)

vm_info: OpenJDK 64-Bit Server VM (25.202-b03) for windows-amd64 JRE (1.8.0_202-release-1483-b03), built by "builder" with MS VC++ 10.0 (VS2010)

time: Fri Jun 26 10:23:28 2020
timezone: SE Asia Standard Time
elapsed time: 42 seconds (0d 0h 0m 42s)

