#
# A fatal error has been detected by the Java Runtime Environment:
#
#  Internal Error (0xc06d007e), pid=20856, tid=0x0000000000005bfc
#
# JRE version: OpenJDK Runtime Environment (8.0_202-b03) (build 1.8.0_202-release-1483-b03)
# Java VM: OpenJDK 64-Bit Server VM (25.202-b03 mixed mode windows-amd64 compressed oops)
# Problematic frame:
# C  [KERNELBASE.dll+0x3a799]
#
# Failed to write core dump. Minidumps are not enabled by default on client versions of Windows
#
# If you would like to submit a bug report, please visit:
#   http://bugreport.java.com/bugreport/crash.jsp
# The crash happened outside the Java Virtual Machine in native code.
# See problematic frame for where to report the bug.
#

---------------  T H R E A D  ---------------

Current thread (0x00000000029a3000):  JavaThread "main" [_thread_in_native, id=23548, stack(0x00000000028a0000,0x00000000029a0000)]

siginfo: ExceptionCode=0xc06d007e, ExceptionInformation=0x000000000299bee0 

Registers:
RAX=0x00007ffa033e2f5e, RBX=0x0000000000000000, RCX=0x00007ff9ff7700f8, RDX=0x00007ff9ff79a330
RSP=0x000000000299bde0, RBP=0x000000000299bf38, RSI=0x00007ff9eaed31a0, RDI=0x0000000000000000
R8 =0x00007ffa033ea33d, R9 =0x0000000000000000, R10=0x000000007ffe0385, R11=0x0000000000000040
R12=0x0000000000000004, R13=0x00007ff9eaed6370, R14=0x00007ff9eaed6108, R15=0x00007ff9eaed3408
RIP=0x00007ffa0114a799, EFLAGS=0x0000000000000206

Top of Stack: (sp=0x000000000299bde0)
0x000000000299bde0:   00007ff9eaed6370 0000000000000000
0x000000000299bdf0:   00007ff9eaed31a0 0000000000000000
0x000000000299be00:   00000000c06d007e 0000000000000000
0x000000000299be10:   00007ffa0114a799 00007ffa00000001
0x000000000299be20:   000000000299bee0 00007ff9eaed31a0
0x000000000299be30:   0000000000000000 0000000000000000
0x000000000299be40:   0000000000000000 00007ffa0116c6c0
0x000000000299be50:   0000000000000000 00007ff9eaed31a0
0x000000000299be60:   000000000289ea00 0000000000000000
0x000000000299be70:   0000000000000000 0000000000000000
0x000000000299be80:   00007ff9eaed2670 00007ffa0116bc7f
0x000000000299be90:   0000000000000000 0000000000000370
0x000000000299bea0:   00007966c793d248 00007ffa033fba3b
0x000000000299beb0:   0000000000000000 00007ff9eaecf167
0x000000000299bec0:   0000000000000000 00007ff9eaed31a0
0x000000000299bed0:   00000000028904e8 000000000299bfc0 

Instructions: (pc=0x00007ffa0114a799)
0x00007ffa0114a779:   8b d1 44 0f 47 c0 44 89 44 24 38 49 c1 e0 03 e8
0x00007ffa0114a789:   da 4e 05 00 48 8d 4c 24 20 48 ff 15 1f c8 16 00
0x00007ffa0114a799:   0f 1f 44 00 00 48 8b 8c 24 c0 00 00 00 48 33 cc
0x00007ffa0114a7a9:   e8 72 ef 04 00 48 81 c4 d8 00 00 00 c3 83 64 24 


Register to memory mapping:

RAX=0x00007ffa033e2f5e is an unknown value
RBX=0x0000000000000000 is an unknown value
RCX=0x00007ff9ff7700f8 is an unknown value
RDX=0x00007ff9ff79a330 is an unknown value
RSP=0x000000000299bde0 is pointing into the stack for thread: 0x00000000029a3000
RBP=0x000000000299bf38 is pointing into the stack for thread: 0x00000000029a3000
RSI=0x00007ff9eaed31a0 is an unknown value
RDI=0x0000000000000000 is an unknown value
R8 =0x00007ffa033ea33d is an unknown value
R9 =0x0000000000000000 is an unknown value
R10=0x000000007ffe0385 is an unknown value
R11=0x0000000000000040 is an unknown value
R12=0x0000000000000004 is an unknown value
R13=0x00007ff9eaed6370 is an unknown value
R14=0x00007ff9eaed6108 is an unknown value
R15=0x00007ff9eaed3408 is an unknown value


Stack: [0x00000000028a0000,0x00000000029a0000],  sp=0x000000000299bde0,  free space=1007k
Native frames: (J=compiled Java code, j=interpreted, Vv=VM code, C=native code)
C  [KERNELBASE.dll+0x3a799]

Java frames: (J=compiled Java code, j=interpreted, Vv=VM code)
j  java.net.NetworkInterface.getAll()[Ljava/net/NetworkInterface;+0
j  java.net.NetworkInterface.getNetworkInterfaces()Ljava/util/Enumeration;+0
j  sun.security.provider.SeedGenerator.addNetworkAdapterInfo(Ljava/security/MessageDigest;)V+0
j  sun.security.provider.SeedGenerator.access$000(Ljava/security/MessageDigest;)V+1
j  sun.security.provider.SeedGenerator$1.run()Ljava/lang/Void;+61
j  sun.security.provider.SeedGenerator$1.run()Ljava/lang/Object;+1
v  ~StubRoutines::call_stub
j  java.security.AccessController.doPrivileged(Ljava/security/PrivilegedAction;)Ljava/lang/Object;+0
j  sun.security.provider.SeedGenerator.getSystemEntropy()[B+40
j  sun.security.provider.SecureRandom$SeederHolder.<clinit>()V+4
v  ~StubRoutines::call_stub
j  sun.security.provider.SecureRandom.engineNextBytes([B)V+21
j  java.security.SecureRandom.nextBytes([B)V+5
j  java.util.UUID.randomUUID()Ljava/util/UUID;+11
j  org.gradle.internal.id.UUIDGenerator.generateId()Ljava/util/UUID;+0
j  org.gradle.internal.id.UUIDGenerator.generateId()Ljava/lang/Object;+1
j  org.gradle.launcher.daemon.client.DaemonClient.execute(Lorg/gradle/internal/invocation/BuildAction;Lorg/gradle/initialization/BuildRequestContext;Lorg/gradle/launcher/exec/BuildActionParameters;Lorg/gradle/internal/service/ServiceRegistry;)Lorg/gradle/launcher/exec/BuildActionResult;+4
j  org.gradle.launcher.daemon.client.DaemonClient.execute(Lorg/gradle/internal/invocation/BuildAction;Lorg/gradle/initialization/BuildRequestContext;Ljava/lang/Object;Lorg/gradle/internal/service/ServiceRegistry;)Lorg/gradle/launcher/exec/BuildActionResult;+9
j  org.gradle.launcher.cli.RunBuildAction.run()V+78
j  org.gradle.internal.Actions$RunnableActionAdapter.execute(Ljava/lang/Object;)V+4
j  org.gradle.launcher.cli.DefaultCommandLineActionFactory$ParseAndBuildAction.execute(Lorg/gradle/launcher/bootstrap/ExecutionListener;)V+124
j  org.gradle.launcher.cli.DefaultCommandLineActionFactory$ParseAndBuildAction.execute(Ljava/lang/Object;)V+5
j  org.gradle.launcher.cli.ExceptionReportingAction.execute(Lorg/gradle/launcher/bootstrap/ExecutionListener;)V+5
j  org.gradle.launcher.cli.ExceptionReportingAction.execute(Ljava/lang/Object;)V+5
j  org.gradle.launcher.cli.DefaultCommandLineActionFactory$WithLogging.execute(Lorg/gradle/launcher/bootstrap/ExecutionListener;)V+355
j  org.gradle.launcher.Main.doAction([Ljava/lang/String;Lorg/gradle/launcher/bootstrap/ExecutionListener;)V+14
j  org.gradle.launcher.bootstrap.EntryPoint.run([Ljava/lang/String;)V+12
v  ~StubRoutines::call_stub
j  sun.reflect.NativeMethodAccessorImpl.invoke0(Ljava/lang/reflect/Method;Ljava/lang/Object;[Ljava/lang/Object;)Ljava/lang/Object;+0
j  sun.reflect.NativeMethodAccessorImpl.invoke(Ljava/lang/Object;[Ljava/lang/Object;)Ljava/lang/Object;+100
j  sun.reflect.DelegatingMethodAccessorImpl.invoke(Ljava/lang/Object;[Ljava/lang/Object;)Ljava/lang/Object;+6
j  java.lang.reflect.Method.invoke(Ljava/lang/Object;[Ljava/lang/Object;)Ljava/lang/Object;+56
j  org.gradle.launcher.bootstrap.ProcessBootstrap.runNoExit(Ljava/lang/String;[Ljava/lang/String;)V+161
j  org.gradle.launcher.bootstrap.ProcessBootstrap.run(Ljava/lang/String;[Ljava/lang/String;)V+3
j  org.gradle.launcher.GradleMain.main([Ljava/lang/String;)V+36
v  ~StubRoutines::call_stub
j  sun.reflect.NativeMethodAccessorImpl.invoke0(Ljava/lang/reflect/Method;Ljava/lang/Object;[Ljava/lang/Object;)Ljava/lang/Object;+0
j  sun.reflect.NativeMethodAccessorImpl.invoke(Ljava/lang/Object;[Ljava/lang/Object;)Ljava/lang/Object;+100
j  sun.reflect.DelegatingMethodAccessorImpl.invoke(Ljava/lang/Object;[Ljava/lang/Object;)Ljava/lang/Object;+6
j  java.lang.reflect.Method.invoke(Ljava/lang/Object;[Ljava/lang/Object;)Ljava/lang/Object;+56
j  org.gradle.wrapper.BootstrapMainStarter.start([Ljava/lang/String;Ljava/io/File;)V+82
j  org.gradle.wrapper.WrapperExecutor.execute([Ljava/lang/String;Lorg/gradle/wrapper/Install;Lorg/gradle/wrapper/BootstrapMainStarter;)V+14
j  org.gradle.wrapper.GradleWrapperMain.main([Ljava/lang/String;)V+190
v  ~StubRoutines::call_stub

---------------  P R O C E S S  ---------------

Java Threads: ( => current thread )
  0x0000000019a7b000 JavaThread "pool-1-thread-1" [_thread_blocked, id=19216, stack(0x000000001acf0000,0x000000001adf0000)]
  0x000000001762d000 JavaThread "Service Thread" daemon [_thread_blocked, id=6508, stack(0x0000000019320000,0x0000000019420000)]
  0x0000000018e28800 JavaThread "C1 CompilerThread2" daemon [_thread_blocked, id=9728, stack(0x0000000019220000,0x0000000019320000)]
  0x00000000175ce800 JavaThread "C2 CompilerThread1" daemon [_thread_blocked, id=5348, stack(0x0000000018d20000,0x0000000018e20000)]
  0x00000000175ca000 JavaThread "C2 CompilerThread0" daemon [_thread_blocked, id=18652, stack(0x0000000018c20000,0x0000000018d20000)]
  0x00000000175db800 JavaThread "Attach Listener" daemon [_thread_blocked, id=15852, stack(0x0000000018b20000,0x0000000018c20000)]
  0x00000000175da000 JavaThread "Signal Dispatcher" daemon [_thread_blocked, id=6016, stack(0x0000000018a20000,0x0000000018b20000)]
  0x0000000002a96000 JavaThread "Finalizer" daemon [_thread_blocked, id=21888, stack(0x0000000018820000,0x0000000018920000)]
  0x0000000002a93800 JavaThread "Reference Handler" daemon [_thread_blocked, id=8348, stack(0x0000000018720000,0x0000000018820000)]
=>0x00000000029a3000 JavaThread "main" [_thread_in_native, id=23548, stack(0x00000000028a0000,0x00000000029a0000)]

Other Threads:
  0x0000000017596800 VMThread [stack: 0x0000000018620000,0x0000000018720000] [id=18496]
  0x000000001762e000 WatcherThread [stack: 0x0000000019420000,0x0000000019520000] [id=19404]

VM state:not at safepoint (normal execution)

VM Mutex/Monitor currently owned by a thread: None

heap address: 0x0000000081c00000, size: 2020 MB, Compressed Oops mode: 32-bit
Narrow klass base: 0x0000000000000000, Narrow klass shift: 3
Compressed class space size: 1073741824 Address: 0x0000000100000000

Heap:
 PSYoungGen      total 38400K, used 6088K [0x00000000d5f00000, 0x00000000d8980000, 0x0000000100000000)
  eden space 33280K, 2% used [0x00000000d5f00000,0x00000000d5ff7db0,0x00000000d7f80000)
  from space 5120K, 99% used [0x00000000d7f80000,0x00000000d847a368,0x00000000d8480000)
  to   space 5120K, 0% used [0x00000000d8480000,0x00000000d8480000,0x00000000d8980000)
 ParOldGen       total 87552K, used 16K [0x0000000081c00000, 0x0000000087180000, 0x00000000d5f00000)
  object space 87552K, 0% used [0x0000000081c00000,0x0000000081c04000,0x0000000087180000)
 Metaspace       used 9054K, capacity 9320K, committed 9600K, reserved 1056768K
  class space    used 1197K, capacity 1295K, committed 1408K, reserved 1048576K

Card table byte_map: [0x0000000011e60000,0x0000000012260000] byte_map_base: 0x0000000011a52000

Marking Bits: (ParMarkBitMap*) 0x00000000578e9f30
 Begin Bits: [0x0000000012910000, 0x00000000148a0000)
 End Bits:   [0x00000000148a0000, 0x0000000016830000)

Polling page: 0x0000000002760000

CodeCache: size=245760Kb used=2900Kb max_used=2901Kb free=242859Kb
 bounds [0x0000000002aa0000, 0x0000000002d80000, 0x0000000011aa0000]
 total_blobs=1084 nmethods=764 adapters=234
 compilation: enabled

Compilation events (10 events):
Event: 3.890 Thread 0x0000000018e28800  759       3       java.lang.ThreadLocal::get (38 bytes)
Event: 3.890 Thread 0x0000000018e28800 nmethod 759 0x0000000002d74550 code [0x0000000002d746e0, 0x0000000002d74a68]
Event: 3.890 Thread 0x0000000018e28800  760       3       java.lang.ThreadLocal$ThreadLocalMap::access$000 (6 bytes)
Event: 3.890 Thread 0x0000000018e28800 nmethod 760 0x0000000002d73dd0 code [0x0000000002d73f40, 0x0000000002d740a8]
Event: 3.890 Thread 0x0000000018e28800  762       3       java.lang.Integer::reverseBytes (26 bytes)
Event: 3.890 Thread 0x0000000018e28800 nmethod 762 0x0000000002d73ad0 code [0x0000000002d73c20, 0x0000000002d73d70]
Event: 3.891 Thread 0x0000000018e28800  763       3       java.lang.StringCoding::deref (19 bytes)
Event: 3.892 Thread 0x0000000018e28800 nmethod 763 0x0000000002d73350 code [0x0000000002d734e0, 0x0000000002d73988]
Event: 3.892 Thread 0x0000000018e28800  764       3       java.lang.StringCoding::access$000 (6 bytes)
Event: 3.892 Thread 0x0000000018e28800 nmethod 764 0x0000000002d72f90 code [0x0000000002d73100, 0x0000000002d732b0]

GC Heap History (2 events):
Event: 3.836 GC heap before
{Heap before GC invocations=1 (full 0):
 PSYoungGen      total 38400K, used 33280K [0x00000000d5f00000, 0x00000000d8980000, 0x0000000100000000)
  eden space 33280K, 100% used [0x00000000d5f00000,0x00000000d7f80000,0x00000000d7f80000)
  from space 5120K, 0% used [0x00000000d8480000,0x00000000d8480000,0x00000000d8980000)
  to   space 5120K, 0% used [0x00000000d7f80000,0x00000000d7f80000,0x00000000d8480000)
 ParOldGen       total 87552K, used 0K [0x0000000081c00000, 0x0000000087180000, 0x00000000d5f00000)
  object space 87552K, 0% used [0x0000000081c00000,0x0000000081c00000,0x0000000087180000)
 Metaspace       used 8944K, capacity 9256K, committed 9600K, reserved 1056768K
  class space    used 1182K, capacity 1295K, committed 1408K, reserved 1048576K
Event: 3.847 GC heap after
Heap after GC invocations=1 (full 0):
 PSYoungGen      total 38400K, used 5096K [0x00000000d5f00000, 0x00000000d8980000, 0x0000000100000000)
  eden space 33280K, 0% used [0x00000000d5f00000,0x00000000d5f00000,0x00000000d7f80000)
  from space 5120K, 99% used [0x00000000d7f80000,0x00000000d847a368,0x00000000d8480000)
  to   space 5120K, 0% used [0x00000000d8480000,0x00000000d8480000,0x00000000d8980000)
 ParOldGen       total 87552K, used 16K [0x0000000081c00000, 0x0000000087180000, 0x00000000d5f00000)
  object space 87552K, 0% used [0x0000000081c00000,0x0000000081c04000,0x0000000087180000)
 Metaspace       used 8944K, capacity 9256K, committed 9600K, reserved 1056768K
  class space    used 1182K, capacity 1295K, committed 1408K, reserved 1048576K
}

Deoptimization events (8 events):
Event: 1.749 Thread 0x00000000029a3000 Uncommon trap: reason=unstable_if action=reinterpret pc=0x0000000002c3d800 method=java.util.regex.Matcher.reset()Ljava/util/regex/Matcher; @ 47
Event: 1.749 Thread 0x00000000029a3000 Uncommon trap: reason=class_check action=maybe_recompile pc=0x0000000002c4118c method=java.util.regex.Matcher.match(II)Z @ 86
Event: 1.749 Thread 0x00000000029a3000 Uncommon trap: reason=class_check action=maybe_recompile pc=0x0000000002c4118c method=java.util.regex.Matcher.match(II)Z @ 86
Event: 1.750 Thread 0x00000000029a3000 Uncommon trap: reason=class_check action=maybe_recompile pc=0x0000000002c4118c method=java.util.regex.Matcher.match(II)Z @ 86
Event: 1.750 Thread 0x00000000029a3000 Uncommon trap: reason=class_check action=maybe_recompile pc=0x0000000002c4118c method=java.util.regex.Matcher.match(II)Z @ 86
Event: 3.577 Thread 0x00000000029a3000 Uncommon trap: reason=unstable_if action=reinterpret pc=0x0000000002d0f5ec method=java.util.HashMap.hash(Ljava/lang/Object;)I @ 1
Event: 3.808 Thread 0x00000000029a3000 Uncommon trap: reason=unstable_if action=reinterpret pc=0x0000000002cfd23c method=java.util.HashMap.getNode(ILjava/lang/Object;)Ljava/util/HashMap$Node; @ 129
Event: 3.808 Thread 0x00000000029a3000 Uncommon trap: reason=class_check action=maybe_recompile pc=0x0000000002cd3470 method=java.util.HashMap.putVal(ILjava/lang/Object;Ljava/lang/Object;ZZ)Ljava/lang/Object; @ 203

Classes redefined (0 events):
No events

Internal exceptions (10 events):
Event: 3.577 Thread 0x00000000029a3000 Implicit null exception at 0x0000000002d0f3d5 to 0x0000000002d0f5dd
Event: 3.588 Thread 0x00000000029a3000 Exception <a 'java/lang/ArrayIndexOutOfBoundsException'> (0x00000000d79942a8) thrown at [D:\src\AOSP-openjdk-cygwin\jdk8u\hotspot\src\share\vm\runtime\sharedRuntime.cpp, line 605]
Event: 3.589 Thread 0x00000000029a3000 Exception <a 'java/lang/ArrayIndexOutOfBoundsException'> (0x00000000d79985e8) thrown at [D:\src\AOSP-openjdk-cygwin\jdk8u\hotspot\src\share\vm\runtime\sharedRuntime.cpp, line 605]
Event: 3.600 Thread 0x00000000029a3000 Exception <a 'java/lang/ArrayIndexOutOfBoundsException'> (0x00000000d79fb6a8) thrown at [D:\src\AOSP-openjdk-cygwin\jdk8u\hotspot\src\share\vm\runtime\sharedRuntime.cpp, line 605]
Event: 3.601 Thread 0x00000000029a3000 Exception <a 'java/lang/ArrayIndexOutOfBoundsException'> (0x00000000d79fc780) thrown at [D:\src\AOSP-openjdk-cygwin\jdk8u\hotspot\src\share\vm\runtime\sharedRuntime.cpp, line 605]
Event: 3.602 Thread 0x00000000029a3000 Exception <a 'java/lang/ArrayIndexOutOfBoundsException'> (0x00000000d79fecf8) thrown at [D:\src\AOSP-openjdk-cygwin\jdk8u\hotspot\src\share\vm\runtime\sharedRuntime.cpp, line 605]
Event: 3.602 Thread 0x00000000029a3000 Exception <a 'java/lang/ArrayIndexOutOfBoundsException'> (0x00000000d7a00878) thrown at [D:\src\AOSP-openjdk-cygwin\jdk8u\hotspot\src\share\vm\runtime\sharedRuntime.cpp, line 605]
Event: 3.602 Thread 0x00000000029a3000 Exception <a 'java/lang/ArrayIndexOutOfBoundsException'> (0x00000000d7a040a0) thrown at [D:\src\AOSP-openjdk-cygwin\jdk8u\hotspot\src\share\vm\runtime\sharedRuntime.cpp, line 605]
Event: 3.723 Thread 0x00000000029a3000 Exception <a 'java/lang/NoSuchFieldError': method resolution failed> (0x00000000d7bcf770) thrown at [D:\src\AOSP-openjdk-cygwin\jdk8u\hotspot\src\share\vm\prims\methodHandles.cpp, line 1167]
Event: 3.725 Thread 0x00000000029a3000 Exception <a 'java/lang/NoSuchFieldError': method resolution failed> (0x00000000d7bdd230) thrown at [D:\src\AOSP-openjdk-cygwin\jdk8u\hotspot\src\share\vm\prims\methodHandles.cpp, line 1167]

Events (10 events):
Event: 3.888 loading class sun/security/provider/SeedGenerator$1
Event: 3.888 loading class sun/security/provider/SeedGenerator$1 done
Event: 3.892 loading class java/net/NetworkInterface
Event: 3.893 loading class java/net/NetworkInterface done
Event: 3.893 loading class java/net/NetworkInterface$1
Event: 3.894 loading class java/net/NetworkInterface$1 done
Event: 3.894 loading class java/net/InterfaceAddress
Event: 3.894 loading class java/net/InterfaceAddress done
Event: 3.894 loading class java/net/DefaultInterface
Event: 3.894 loading class java/net/DefaultInterface done


Dynamic libraries:
0x00007ff75d2d0000 - 0x00007ff75d301000 	C:\Program Files\Android\Android Studio\jre\bin\java.exe
0x00007ffa033c0000 - 0x00007ffa035b0000 	C:\WINDOWS\SYSTEM32\ntdll.dll
0x00007ffa02a30000 - 0x00007ffa02ae2000 	C:\WINDOWS\System32\KERNEL32.DLL
0x00007ffa01110000 - 0x00007ffa013b4000 	C:\WINDOWS\System32\KERNELBASE.dll
0x00007ffa02e70000 - 0x00007ffa02f13000 	C:\WINDOWS\System32\ADVAPI32.dll
0x00007ffa02b90000 - 0x00007ffa02c2e000 	C:\WINDOWS\System32\msvcrt.dll
0x00007ffa02af0000 - 0x00007ffa02b87000 	C:\WINDOWS\System32\sechost.dll
0x00007ffa01db0000 - 0x00007ffa01ed0000 	C:\WINDOWS\System32\RPCRT4.dll
0x00007ffa031b0000 - 0x00007ffa03344000 	C:\WINDOWS\System32\USER32.dll
0x00007ffa00620000 - 0x00007ffa00641000 	C:\WINDOWS\System32\win32u.dll
0x00007ffa01440000 - 0x00007ffa01466000 	C:\WINDOWS\System32\GDI32.dll
0x00007ffa00f70000 - 0x00007ffa01104000 	C:\WINDOWS\System32\gdi32full.dll
0x00007ffa00650000 - 0x00007ffa006ee000 	C:\WINDOWS\System32\msvcp_win.dll
0x00007ffa00e70000 - 0x00007ffa00f6a000 	C:\WINDOWS\System32\ucrtbase.dll
0x00007ff9e97a0000 - 0x00007ff9e9a24000 	C:\WINDOWS\WinSxS\amd64_microsoft.windows.common-controls_6595b64144ccf1df_6.0.18362.836_none_e6c4b943130f18ed\COMCTL32.dll
0x00007ffa02670000 - 0x00007ffa029a6000 	C:\WINDOWS\System32\combase.dll
0x00007ffa013c0000 - 0x00007ffa01440000 	C:\WINDOWS\System32\bcryptPrimitives.dll
0x00007ffa01c00000 - 0x00007ffa01c2e000 	C:\WINDOWS\System32\IMM32.DLL
0x0000000058250000 - 0x0000000058322000 	C:\Program Files\Android\Android Studio\jre\jre\bin\msvcr100.dll
0x0000000057120000 - 0x0000000057966000 	C:\Program Files\Android\Android Studio\jre\jre\bin\server\jvm.dll
0x00007ffa029b0000 - 0x00007ffa029b8000 	C:\WINDOWS\System32\PSAPI.DLL
0x00007ff9e94c0000 - 0x00007ff9e94c9000 	C:\WINDOWS\SYSTEM32\WSOCK32.dll
0x00007ffa02e00000 - 0x00007ffa02e6f000 	C:\WINDOWS\System32\WS2_32.dll
0x00007ff9f6a90000 - 0x00007ff9f6ab4000 	C:\WINDOWS\SYSTEM32\WINMM.dll
0x00007ff9fed60000 - 0x00007ff9fed6a000 	C:\WINDOWS\SYSTEM32\VERSION.dll
0x00007ff9f6a60000 - 0x00007ff9f6a8d000 	C:\WINDOWS\SYSTEM32\WINMMBASE.dll
0x00007ffa00470000 - 0x00007ffa004ba000 	C:\WINDOWS\System32\cfgmgr32.dll
0x00007ff9f9180000 - 0x00007ff9f918f000 	C:\Program Files\Android\Android Studio\jre\jre\bin\verify.dll
0x00007ff9eb180000 - 0x00007ff9eb1a9000 	C:\Program Files\Android\Android Studio\jre\jre\bin\java.dll
0x00007ff9eaee0000 - 0x00007ff9eaef6000 	C:\Program Files\Android\Android Studio\jre\jre\bin\zip.dll
0x00007ffa01ed0000 - 0x00007ffa025b4000 	C:\WINDOWS\System32\SHELL32.dll
0x00007ffa01b50000 - 0x00007ffa01bf9000 	C:\WINDOWS\System32\shcore.dll
0x00007ffa006f0000 - 0x00007ffa00e6e000 	C:\WINDOWS\System32\windows.storage.dll
0x00007ffa002f0000 - 0x00007ffa00313000 	C:\WINDOWS\System32\profapi.dll
0x00007ffa00260000 - 0x00007ffa002aa000 	C:\WINDOWS\System32\powrprof.dll
0x00007ffa00250000 - 0x00007ffa00260000 	C:\WINDOWS\System32\UMPDC.dll
0x00007ffa02f20000 - 0x00007ffa02f72000 	C:\WINDOWS\System32\shlwapi.dll
0x00007ffa002d0000 - 0x00007ffa002e1000 	C:\WINDOWS\System32\kernel.appcore.dll
0x00007ffa00600000 - 0x00007ffa00617000 	C:\WINDOWS\System32\cryptsp.dll
0x00007ff9eaec0000 - 0x00007ff9eaeda000 	C:\Program Files\Android\Android Studio\jre\jre\bin\net.dll
0x00007ff9ffa60000 - 0x00007ff9ffac7000 	C:\WINDOWS\system32\mswsock.dll
0x00007ff9feda0000 - 0x00007ff9fedb1000 	C:\Program Files\Android\Android Studio\jre\jre\bin\nio.dll
0x00007ff9f6630000 - 0x00007ff9f6656000 	C:\Users\haryp\.gradle\native\30\windows-amd64\native-platform.dll
0x00007ff9f6210000 - 0x00007ff9f621d000 	C:\Program Files\Android\Android Studio\jre\jre\bin\management.dll
0x00007ff9ff5d0000 - 0x00007ff9ff603000 	C:\WINDOWS\system32\rsaenh.dll
0x00007ffa004c0000 - 0x00007ffa004e6000 	C:\WINDOWS\System32\bcrypt.dll
0x00007ffa00170000 - 0x00007ffa00195000 	C:\WINDOWS\SYSTEM32\USERENV.dll
0x00007ff9ffc30000 - 0x00007ff9ffc3c000 	C:\WINDOWS\SYSTEM32\CRYPTBASE.dll

VM Arguments:
jvm_args: -Dorg.gradle.appname=gradlew 
java_command: org.gradle.wrapper.GradleWrapperMain -q -Ptarget-platform=android-arm64 -Ptarget=C:\Users\haryp\Downloads\Compressed\Ekinerja2020_flutter-master\lib\main.dart -Ptrack-widget-creation=true -Pfilesystem-scheme=org-dartlang-root assembleDebug
java_class_path (initial): C:\Users\haryp\Downloads\Compressed\Ekinerja2020_flutter-master\android\\gradle\wrapper\gradle-wrapper.jar
Launcher Type: SUN_STANDARD

Environment Variables:
JAVA_HOME=C:\Program Files\Android\Android Studio\jre
CLASSPATH=C:\Users\haryp\Downloads\Compressed\Ekinerja2020_flutter-master\android\\gradle\wrapper\gradle-wrapper.jar
PATH=C:\Program Files (x86)\Common Files\Oracle\Java\javapath;C:\ProgramData\Oracle\Java\javapath;C:\WINDOWS\system32;C:\WINDOWS;C:\WINDOWS\System32\Wbem;C:\WINDOWS\System32\WindowsPowerShell\v1.0\;C:\WINDOWS\System32\OpenSSH\;C:\Program Files\TortoiseSVN\bin;C:\Program Files\Java\jre1.8.0_162\bin;C:\Program Files\Java\jdk1.8.0_162\bin;C:\Program Files\Git\cmd;C:\Program Files\TortoiseGit\bin;C:\Program Files\nodejs\;C:\Program Files\Intel\WiFi\bin\;C:\Program Files\Common Files\Intel\WirelessCommon\;C:\Program Files (x86)\Intel\Intel(R) Management Engine Components\DAL;C:\Program Files\Intel\Intel(R) Management Engine Components\DAL;C:\Program Files\Dart\dart-sdk\bin;C:\data\flutter\flutter\bin;C:\Users\haryp\AppData\Local\Microsoft\WindowsApps;C:\Users\haryp\AppData\Local\GitHubDesktop\bin;C:\Users\haryp\AppData\Roaming\npm;C:\Users\haryp\AppData\Local\Microsoft\WindowsApps;C:\data\flutter\flutter\bin;;C:\Users\haryp\AppData\Local\Programs\Microsoft VS Code\bin;C:\data\flutter\flutter\bin\mingit\cmd
USERNAME=Kominfo4_adm
OS=Windows_NT
PROCESSOR_IDENTIFIER=Intel64 Family 6 Model 142 Stepping 9, GenuineIntel



---------------  S Y S T E M  ---------------

OS: Windows 10.0 , 64 bit Build 18362 (10.0.18362.778)

CPU:total 4 (initial active 4) (2 cores per cpu, 2 threads per core) family 6 model 142 stepping 9, cmov, cx8, fxsr, mmx, sse, sse2, sse3, ssse3, sse4.1, sse4.2, popcnt, avx, avx2, aes, clmul, erms, 3dnowpref, lzcnt, ht, tsc, tscinvbit, bmi1, bmi2, adx

Memory: 4k page, physical 8272204k(211704k free), swap 33438028k(0k free)

vm_info: OpenJDK 64-Bit Server VM (25.202-b03) for windows-amd64 JRE (1.8.0_202-release-1483-b03), built by "builder" with MS VC++ 10.0 (VS2010)

time: Sun May 31 06:12:45 2020
timezone: SE Asia Standard Time
elapsed time: 3 seconds (0d 0h 0m 3s)

